<?xml version="1.0" encoding="utf-8"?><testsuites name="pytest tests"><testsuite name="pytest" errors="0" failures="0" skipped="0" tests="6" time="7.514" timestamp="2026-08-04T00:04:20.250744+00:00" hostname="agent-env-82ea4c31-8c0f-428c-b4aa-1d51395ed8b4"><testcase classname="tests.test_iteration7_phase9" name="test_crawl_returns_distinct_product_urls" time="4.187" /><testcase classname="tests.test_iteration7_phase9" name="test_chat_lang_marker_at_start" time="0.952" /><testcase classname="tests.test_iteration7_phase9" name="test_chat_buy_marker_on_intent" time="1.218" /><testcase classname="tests.test_iteration7_phase9" name="test_avatar_still_returns_png[male]" time="0.199" /><testcase classname="tests.test_iteration7_phase9" name="test_avatar_still_returns_png[female]" time="0.206" /><testcase classname="tests.test_iteration7_phase9" name="test_avatar_still_returns_png[neutral]" time="0.198" /></testsuite></testsuites>