<?xml version="1.0" encoding="utf-8"?><testsuites name="pytest tests"><testsuite name="pytest" errors="0" failures="0" skipped="0" tests="16" time="95.730" timestamp="2026-08-05T21:04:18.694269+00:00" hostname="agent-env-5c6432ac-781a-46f2-9f70-13659702c64d"><testcase classname="tests.test_iteration14_saas.TestAuth" name="test_master_admin_login" time="91.308" /><testcase classname="tests.test_iteration14_saas.TestAuth" name="test_whitespace_and_case_email_login" time="0.473" /><testcase classname="tests.test_iteration14_saas.TestAuth" name="test_password_space_preserved" time="0.364" /><testcase classname="tests.test_iteration14_saas.TestAuth" name="test_old_admin_removed" time="0.126" /><testcase classname="tests.test_iteration14_saas.TestAuth" name="test_demo_client_login" time="0.362" /><testcase classname="tests.test_iteration14_saas.TestMetricsActivity" name="test_me_metrics" time="0.482" /><testcase classname="tests.test_iteration14_saas.TestMetricsActivity" name="test_me_activity_sample" time="0.138" /><testcase classname="tests.test_iteration14_saas.TestIntegrations" name="test_list_default" time="0.119" /><testcase classname="tests.test_iteration14_saas.TestIntegrations" name="test_save_and_mask_zoom" time="0.278" /><testcase classname="tests.test_iteration14_saas.TestImpersonation" name="test_impersonate_flow" time="0.970" /><testcase classname="tests.test_iteration14_saas.TestImpersonation" name="test_impersonate_forbidden_for_non_admin" time="0.130" /><testcase classname="tests.test_iteration14_saas.TestAudit" name="test_audit_lists_impersonate_and_integration" time="0.130" /><testcase classname="tests.test_iteration14_saas.TestAudit" name="test_audit_search" time="0.125" /><testcase classname="tests.test_iteration14_saas.TestTraining" name="test_correct_persists" time="0.393" /><testcase classname="tests.test_iteration14_saas.TestTraining" name="test_transcripts_endpoint" time="0.127" /><testcase classname="tests.test_iteration14_saas.TestAdminHealth" name="test_admin_health" time="0.126" /></testsuite></testsuites>