<?xml version="1.0" encoding="utf-8"?><testsuites name="pytest tests"><testsuite name="pytest" errors="0" failures="0" skipped="1" tests="6" time="28.260" timestamp="2026-08-04T21:21:47.786678+00:00" hostname="agent-env-8c6ffb98-56ac-43a2-ae10-85e718cddae9"><testcase classname="tests.test_iteration13.TestOrderTrack" name="test_no_shopify_config" time="25.868" /><testcase classname="tests.test_iteration13.TestOrderTrack" name="test_bad_tenant" time="0.232" /><testcase classname="tests.test_iteration13.TestVisionSearch" name="test_bad_tenant" time="26.489" /><testcase classname="tests.test_iteration13.TestVisionSearch" name="test_non_image" time="0.104" /><testcase classname="tests.test_iteration13.TestHumanAgentPoll" name="test_seed_conversation_and_poll" time="1.642" /><testcase classname="tests.test_iteration13.TestVisionSearch" name="test_real_image_match" time="0.250"><skipped type="pytest.skip" message="LLM budget exhausted / vision unavailable: &lt;!DOCTYPE html&gt;&#10;&lt;!--[if lt IE 7]&gt; &lt;html class=&quot;no-js ie6 oldie&quot; lang=&quot;en-US&quot;&gt; &lt;![endif]--&gt;&#10;&lt;!--[if IE 7]&gt;    &lt;html class=&quot;no-js ie7 oldie&quot; lang=&quot;en-US&quot;&gt; &lt;![endif]--&gt;&#10;&lt;!--[if IE 8]&gt;    &lt;html class=&quot;no-">/app/backend/tests/test_iteration13.py:120: LLM budget exhausted / vision unavailable: &lt;!DOCTYPE html&gt;
&lt;!--[if lt IE 7]&gt; &lt;html class="no-js ie6 oldie" lang="en-US"&gt; &lt;![endif]--&gt;
&lt;!--[if IE 7]&gt;    &lt;html class="no-js ie7 oldie" lang="en-US"&gt; &lt;![endif]--&gt;
&lt;!--[if IE 8]&gt;    &lt;html class="no-</skipped></testcase></testsuite></testsuites>