<?xml version="1.0" encoding="utf-8"?><testsuites name="pytest tests"><testsuite name="pytest" errors="0" failures="0" skipped="0" tests="11" time="63.393" timestamp="2026-08-05T21:39:21.852534+00:00" hostname="agent-env-5c6432ac-781a-46f2-9f70-13659702c64d"><testcase classname="tests.test_iteration15.TestAuthRegression" name="test_master_admin_login" time="28.359" /><testcase classname="tests.test_iteration15.TestAuthRegression" name="test_demo_client_login" time="0.442" /><testcase classname="tests.test_iteration15.TestAuthRegression" name="test_old_admin_fails" time="0.185" /><testcase classname="tests.test_iteration15.TestAuthRegression" name="test_whitespace_case_email" time="0.343" /><testcase classname="tests.test_iteration15.TestPlatformKeys" name="test_get_platform_keys" time="0.466" /><testcase classname="tests.test_iteration15.TestPlatformKeys" name="test_put_and_masked_readback" time="0.230" /><testcase classname="tests.test_iteration15.TestPlatformKeys" name="test_non_admin_cannot_access" time="0.530" /><testcase classname="tests.test_iteration15.TestTrainingAnalytics" name="test_correct_chat_increments_used_count" time="2.800" /><testcase classname="tests.test_iteration15.TestRAGChunks" name="test_upload_stores_chunks_and_chat_ok" time="29.728" /><testcase classname="tests.test_iteration15.TestSSEStream" name="test_invalid_token_401" time="0.124" /><testcase classname="tests.test_iteration15.TestSSEStream" name="test_valid_token_streams_ping" time="0.116" /></testsuite></testsuites>