<?xml version="1.0" encoding="utf-8"?><testsuites name="pytest tests"><testsuite name="pytest" errors="0" failures="0" skipped="0" tests="9" time="6.335" timestamp="2026-08-03T20:58:14.835725+00:00" hostname="agent-env-82ea4c31-8c0f-428c-b4aa-1d51395ed8b4"><testcase classname="tests.test_iteration4" name="test_public_settings_exposes_upload_policy" time="0.202" /><testcase classname="tests.test_iteration4" name="test_upload_policy_toggle_enforced" time="1.094" /><testcase classname="tests.test_iteration4" name="test_admin_upload_and_delete_on_behalf" time="0.787" /><testcase classname="tests.test_iteration4" name="test_admin_health_new_fields" time="0.065" /><testcase classname="tests.test_iteration4" name="test_google_oauth_start_400_when_unconfigured" time="0.061" /><testcase classname="tests.test_iteration4" name="test_google_status_disconnected" time="0.063" /><testcase classname="tests.test_iteration4" name="test_chat_escalate_mocked_and_persisted" time="0.278" /><testcase classname="tests.test_iteration4" name="test_booking_returns_gcal_url_no_event" time="3.088" /><testcase classname="tests.test_iteration4" name="test_avatar_background_persist" time="0.190" /></testsuite></testsuites>