<?xml version="1.0" encoding="utf-8"?><testsuites name="pytest tests"><testsuite name="pytest" errors="0" failures="0" skipped="0" tests="8" time="6.503" timestamp="2026-08-04T20:22:08.484267+00:00" hostname="agent-env-8c6ffb98-56ac-43a2-ae10-85e718cddae9"><testcase classname="tests.test_iteration11.TestConversationsAPI" name="test_list_requires_auth" time="0.148" /><testcase classname="tests.test_iteration11.TestConversationsAPI" name="test_detail_requires_auth" time="0.277" /><testcase classname="tests.test_iteration11.TestPublicLogo" name="test_upload_then_public_logo_serves_bytes" time="1.294" /><testcase classname="tests.test_iteration11.TestConversationsAPI" name="test_reply_and_mark" time="3.116" /><testcase classname="tests.test_iteration11.TestPublicLogo" name="test_public_logo_404_for_missing_tenant" time="0.133" /><testcase classname="tests.test_iteration11.TestPublicLogo" name="test_public_logo_404_when_unset" time="0.570" /><testcase classname="tests.test_iteration11.TestConversationsAPI" name="test_reply_404_missing" time="0.141" /><testcase classname="tests.test_iteration11.TestChatPersistence" name="test_chat_stream_persists" time="2.302" /></testsuite></testsuites>