<?xml version="1.0" encoding="utf-8"?><testsuites name="pytest tests"><testsuite name="pytest" errors="0" failures="0" skipped="0" tests="16" time="5.104" timestamp="2026-08-04T02:29:07.120682+00:00" hostname="agent-env-4d69a4d9-496e-4dd2-8135-ffa951d7b248"><testcase classname="tests.test_iteration10_booking_bot.TestRegressionAuth" name="test_admin_login" time="0.399" /><testcase classname="tests.test_iteration10_booking_bot.TestRegressionAuth" name="test_demo_login" time="0.327" /><testcase classname="tests.test_iteration10_booking_bot.TestRegressionAuth" name="test_login_bad_credentials" time="0.316" /><testcase classname="tests.test_iteration10_booking_bot.TestRegressionAuth" name="test_me_endpoint" time="0.438" /><testcase classname="tests.test_iteration10_booking_bot.TestRegressionAuth" name="test_admin_users_list" time="0.513" /><testcase classname="tests.test_iteration10_booking_bot.TestRegressionAuth" name="test_admin_update_user" time="0.109" /><testcase classname="tests.test_iteration10_booking_bot.TestProfileNewFields" name="test_update_and_persist_all_new_fields" time="0.233" /><testcase classname="tests.test_iteration10_booking_bot.TestAvailableSlots" name="test_available_slots_respects_config" time="0.111" /><testcase classname="tests.test_iteration10_booking_bot.TestAvailableSlots" name="test_available_slots_bad_tenant" time="0.115" /><testcase classname="tests.test_iteration10_booking_bot.TestBookingConfirm" name="test_reject_closed_day_saturday" time="0.129" /><testcase classname="tests.test_iteration10_booking_bot.TestBookingConfirm" name="test_reject_outside_hours" time="0.116" /><testcase classname="tests.test_iteration10_booking_bot.TestBookingConfirm" name="test_reject_blocked_slot" time="0.104" /><testcase classname="tests.test_iteration10_booking_bot.TestBookingConfirm" name="test_accept_valid_slot" time="0.433" /><testcase classname="tests.test_iteration10_booking_bot.TestLogo" name="test_upload_and_delete_logo" time="0.935" /><testcase classname="tests.test_iteration10_booking_bot.TestLogo" name="test_reject_bad_extension" time="0.104" /><testcase classname="tests.test_iteration10_booking_bot.TestChatStream" name="test_chat_stream_reachable" time="0.665" /></testsuite></testsuites>