<?xml version="1.0" encoding="utf-8"?><testsuites name="pytest tests"><testsuite name="pytest" errors="0" failures="0" skipped="0" tests="11" time="9.989" timestamp="2026-08-03T20:45:32.859737+00:00" hostname="agent-env-82ea4c31-8c0f-428c-b4aa-1d51395ed8b4"><testcase classname="tests.test_iteration3" name="test_public_avatar_returns_image[male]" time="0.173" /><testcase classname="tests.test_iteration3" name="test_public_avatar_returns_image[female]" time="0.068" /><testcase classname="tests.test_iteration3" name="test_public_avatar_returns_image[neutral]" time="0.060" /><testcase classname="tests.test_iteration3" name="test_avatar_profiles_endpoint" time="0.061" /><testcase classname="tests.test_iteration3" name="test_crawl_vercel_real_extraction" time="2.811" /><testcase classname="tests.test_iteration3" name="test_crawl_stripe_works" time="2.902" /><testcase classname="tests.test_iteration3" name="test_chat_escalate_marker" time="1.344" /><testcase classname="tests.test_iteration3" name="test_chat_book_marker" time="1.168" /><testcase classname="tests.test_iteration3" name="test_booking_confirm_returns_gcal_url" time="0.546" /><testcase classname="tests.test_iteration3" name="test_me_metrics" time="0.063" /><testcase classname="tests.test_iteration3" name="test_profile_update_color" time="0.264" /></testsuite></testsuites>