<?xml version="1.0" encoding="utf-8"?><testsuites name="pytest tests"><testsuite name="pytest" errors="0" failures="0" skipped="0" tests="8" time="44.445" timestamp="2026-08-03T21:20:49.018825+00:00" hostname="agent-env-82ea4c31-8c0f-428c-b4aa-1d51395ed8b4"><testcase classname="tests.test_iteration6_phase8" name="test_avatar_returns_png_from_gpt_image_1[male]" time="34.351" /><testcase classname="tests.test_iteration6_phase8" name="test_avatar_returns_png_from_gpt_image_1[female]" time="0.246" /><testcase classname="tests.test_iteration6_phase8" name="test_avatar_returns_png_from_gpt_image_1[neutral]" time="0.180" /><testcase classname="tests.test_iteration6_phase8" name="test_crawl_apple_returns_real_products" time="5.816" /><testcase classname="tests.test_iteration6_phase8" name="test_chat_stream_references_catalog" time="1.801" /><testcase classname="tests.test_iteration6_phase8" name="test_chat_hi_is_short_and_warm" time="0.734" /><testcase classname="tests.test_iteration6_phase8" name="test_chat_escalation_marker" time="0.817" /><testcase classname="tests.test_iteration6_phase8" name="test_booking_returns_gcal_url" time="0.443" /></testsuite></testsuites>