<?xml version="1.0" encoding="utf-8"?><testsuites name="pytest tests"><testsuite name="pytest" errors="0" failures="0" skipped="0" tests="9" time="6.549" timestamp="2026-08-03T19:28:46.904269+00:00" hostname="agent-env-82ea4c31-8c0f-428c-b4aa-1d51395ed8b4"><testcase classname="tests.backend_test" name="test_voice_tts_returns_audio" time="1.646" /><testcase classname="tests.backend_test" name="test_voice_stt_endpoint_accepts_upload" time="1.305" /><testcase classname="tests.backend_test" name="test_embed_loader_valid" time="0.460" /><testcase classname="tests.backend_test" name="test_embed_loader_invalid_returns_warn" time="0.069" /><testcase classname="tests.backend_test" name="test_escalate_mocked" time="0.314" /><testcase classname="tests.backend_test" name="test_knowledge_files_endpoint" time="0.069" /><testcase classname="tests.backend_test" name="test_pdf_upload_extracts_content" time="0.568" /><testcase classname="tests.backend_test" name="test_chat_stream_with_tenant" time="1.156" /><testcase classname="tests.backend_test" name="test_admin_login" time="0.444" /></testsuite></testsuites>