<?xml version="1.0" encoding="utf-8"?><testsuites name="pytest tests"><testsuite name="pytest" errors="0" failures="6" skipped="0" tests="6" time="43.099" timestamp="2026-08-04T01:02:31.040951+00:00" hostname="agent-env-9127bafe-f6cf-448b-bed1-f5b9d9f71eb8"><testcase classname="tests.test_chat_stream.TestSessionMemory" name="test_remembers_iphone_context" time="41.885"><failure message="Failed: stream error: Failed to start streaming completion: litellm.BadRequestError: OpenAIException - Budget has been exceeded! Current cost: 1.437993499999998, Max budget: 1.4">backend/tests/test_chat_stream.py:80: in test_remembers_iphone_context
    r1 = _stream_chat(sid, "What products do you sell?")
         ^^^^^^^^^^^^^^^^^^^^^^^^^^^^^^^^^^^^^^^^^^^^^^^
backend/tests/test_chat_stream.py:40: in _stream_chat
    pytest.fail(f"stream error: {evt['error']}")
E   Failed: stream error: Failed to start streaming completion: litellm.BadRequestError: OpenAIException - Budget has been exceeded! Current cost: 1.437993499999998, Max budget: 1.4</failure></testcase><testcase classname="tests.test_chat_stream.TestNoRegreeting" name="test_first_message_no_greeting" time="41.783"><failure message="Failed: stream error: Failed to start streaming completion: litellm.BadRequestError: OpenAIException - Budget has been exceeded! Current cost: 1.437993499999998, Max budget: 1.4">backend/tests/test_chat_stream.py:61: in test_first_message_no_greeting
    reply = _stream_chat(sid, "What products do you sell?")
            ^^^^^^^^^^^^^^^^^^^^^^^^^^^^^^^^^^^^^^^^^^^^^^^
backend/tests/test_chat_stream.py:40: in _stream_chat
    pytest.fail(f"stream error: {evt['error']}")
E   Failed: stream error: Failed to start streaming completion: litellm.BadRequestError: OpenAIException - Budget has been exceeded! Current cost: 1.437993499999998, Max budget: 1.4</failure></testcase><testcase classname="tests.test_chat_stream.TestNoRegreeting" name="test_hello_input_still_no_regreet" time="0.315"><failure message="Failed: stream error: Failed to start streaming completion: litellm.BadRequestError: OpenAIException - Budget has been exceeded! Current cost: 1.437993499999998, Max budget: 1.4">backend/tests/test_chat_stream.py:71: in test_hello_input_still_no_regreet
    reply = _stream_chat(sid, "hi")
            ^^^^^^^^^^^^^^^^^^^^^^^
backend/tests/test_chat_stream.py:40: in _stream_chat
    pytest.fail(f"stream error: {evt['error']}")
E   Failed: stream error: Failed to start streaming completion: litellm.BadRequestError: OpenAIException - Budget has been exceeded! Current cost: 1.437993499999998, Max budget: 1.4</failure></testcase><testcase classname="tests.test_chat_stream.TestConciseLength" name="test_reply_is_short" time="0.170"><failure message="Failed: stream error: Failed to start streaming completion: litellm.BadRequestError: OpenAIException - Budget has been exceeded! Current cost: 1.437993499999998, Max budget: 1.4">backend/tests/test_chat_stream.py:125: in test_reply_is_short
    reply = _stream_chat(sid, "Do you sell iPads?")
            ^^^^^^^^^^^^^^^^^^^^^^^^^^^^^^^^^^^^^^^
backend/tests/test_chat_stream.py:40: in _stream_chat
    pytest.fail(f"stream error: {evt['error']}")
E   Failed: stream error: Failed to start streaming completion: litellm.BadRequestError: OpenAIException - Budget has been exceeded! Current cost: 1.437993499999998, Max budget: 1.4</failure></testcase><testcase classname="tests.test_chat_stream.TestNoRepetition" name="test_four_turn_no_repeat" time="0.291"><failure message="Failed: stream error: Failed to start streaming completion: litellm.BadRequestError: OpenAIException - Budget has been exceeded! Current cost: 1.437993499999998, Max budget: 1.4">backend/tests/test_chat_stream.py:107: in test_four_turn_no_repeat
    r = _stream_chat(sid, t)
        ^^^^^^^^^^^^^^^^^^^^
backend/tests/test_chat_stream.py:40: in _stream_chat
    pytest.fail(f"stream error: {evt['error']}")
E   Failed: stream error: Failed to start streaming completion: litellm.BadRequestError: OpenAIException - Budget has been exceeded! Current cost: 1.437993499999998, Max budget: 1.4</failure></testcase><testcase classname="tests.test_chat_stream.TestSpanish" name="test_spanish_reply_with_lang_marker_and_no_greeting" time="0.185"><failure message="Failed: stream error: Failed to start streaming completion: litellm.BadRequestError: OpenAIException - Budget has been exceeded! Current cost: 1.437993499999998, Max budget: 1.4">backend/tests/test_chat_stream.py:138: in test_spanish_reply_with_lang_marker_and_no_greeting
    reply = _stream_chat(sid, "Hola, ¿cuánto cuesta el iPhone?")
            ^^^^^^^^^^^^^^^^^^^^^^^^^^^^^^^^^^^^^^^^^^^^^^^^^^^^
backend/tests/test_chat_stream.py:40: in _stream_chat
    pytest.fail(f"stream error: {evt['error']}")
E   Failed: stream error: Failed to start streaming completion: litellm.BadRequestError: OpenAIException - Budget has been exceeded! Current cost: 1.437993499999998, Max budget: 1.4</failure></testcase></testsuite></testsuites>